<?xml version="1.0" encoding="UTF-8"?>
<!-- Generated by org.testng.reporters.JUnitReportReporter -->
<testsuite skipped="0" hostname="LAPTOP-BT0NRO40" name="org.sample.Ddata" tests="2" failures="0" timestamp="05 Apr 2022 11:58:19 GMT" time="19.896" errors="0">
  <testcase name="tc1" time="10.759" classname="org.sample.Ddata"/>
  <testcase name="tc1" time="9.137" classname="org.sample.Ddata"/>
</testsuite> <!-- org.sample.Ddata -->
