<?xml version="1.0" encoding="UTF-8"?>
<!-- Generated by org.testng.reporters.JUnitReportReporter -->
<testsuite skipped="1" hostname="LAPTOP-BT0NRO40" name="org.sample.ClassB" tests="1" failures="0" timestamp="05 Apr 2022 06:08:47 GMT" time="0.000" errors="0">
  <testcase name="test4" time="0.000" classname="org.sample.ClassB">
    <skipped/>
  </testcase> <!-- test4 -->
</testsuite> <!-- org.sample.ClassB -->
