<?xml version="1.0" encoding="UTF-8"?>
<!-- Generated by org.testng.reporters.JUnitReportReporter -->
<testsuite skipped="1" hostname="LAPTOP-BT0NRO40" name="org.sample.ClassA" tests="6" failures="0" timestamp="04 Apr 2022 06:01:28 GMT" time="0.032" errors="0">
  <testcase name="tc7" time="0.000" classname="org.sample.ClassA"/>
  <testcase name="tc1" time="0.016" classname="org.sample.ClassA"/>
  <testcase name="tc5" time="0.000" classname="org.sample.ClassA"/>
  <testcase name="tc2" time="0.000" classname="org.sample.ClassA"/>
  <testcase name="tc2" time="0.016" classname="org.sample.ClassA"/>
  <testcase name="tc3" classname="org.sample.ClassA">
    <skipped/>
  </testcase> <!-- tc3 -->
</testsuite> <!-- org.sample.ClassA -->
