<?xml version="1.0" encoding="UTF-8"?>
<!-- Generated by org.testng.reporters.JUnitReportReporter -->
<testsuite skipped="0" hostname="LAPTOP-BT0NRO40" name="org.sample.DataProvider2" tests="1" failures="0" timestamp="05 Apr 2022 09:12:12 GMT" time="19.726" errors="0">
  <testcase name="openarlington" time="19.726" classname="org.sample.DataProvider2"/>
</testsuite> <!-- org.sample.DataProvider2 -->
